[debug] [2025-03-05T22:16:22.263Z] ----------------------------------------------------------------------
[debug] [2025-03-05T22:16:22.266Z] Command:       C:\Program Files\nodejs\node.exe C:\Program Files\nodejs\node_modules\firebase-tools\lib\bin\firebase.js init
[debug] [2025-03-05T22:16:22.266Z] CLI Version:   13.32.0
[debug] [2025-03-05T22:16:22.267Z] Platform:      win32
[debug] [2025-03-05T22:16:22.267Z] Node Version:  v18.20.4
[debug] [2025-03-05T22:16:22.268Z] Time:          Thu Mar 06 2025 04:16:22 GMT+0600 (Bangladesh Standard Time)
[debug] [2025-03-05T22:16:22.269Z] ----------------------------------------------------------------------
[debug] 
[debug] [2025-03-05T22:16:22.614Z] > command requires scopes: ["email","openid","https://www.googleapis.com/auth/cloudplatformprojects.readonly","https://www.googleapis.com/auth/firebase","https://www.googleapis.com/auth/cloud-platform"]
[debug] [2025-03-05T22:16:22.615Z] > authorizing via signed-in user (fislamc6@gmail.com)
[info] 
     ######## #### ########  ######## ########     ###     ######  ########
     ##        ##  ##     ## ##       ##     ##  ##   ##  ##       ##
     ######    ##  ########  ######   ########  #########  ######  ######
     ##        ##  ##    ##  ##       ##     ## ##     ##       ## ##
     ##       #### ##     ## ######## ########  ##     ##  ######  ########

You're about to initialize a Firebase project in this directory:

  D:\Projects\React\Genius-Car-Mechanics-Client

Before we get started, keep in mind:

  * You are initializing within an existing Firebase project directory

